-------------------------------------
Beginning Export of Source Files
DevPulseACE.accdb
VCS Version 4.1.2
Full Path: D:\GroverPark\Devpulse\access_ace\DevPulseACE.accdb
Export Folder: D:\GroverPark\Devpulse\access_ace\DevPulseACE.accdb.src\
Using Fast Save
5/24/2026 2:56:46 PM
-------------------------------------
Scanning for changes...
No modified db connections found in this database.
No modified project found in this database.
No modified vb project found in this database.
No modified vbe references found in this database.
No modified vbe forms found in this database.
No modified proj properties found in this database.
No modified saved specs found in this database.
No modified modules found in this database.
No modified commandbars found in this database.
No modified shared images found in this database.
No modified themes found in this database.
No modified db properties found in this database.
No modified imex specs found in this database.
No modified tables found in this database.
No modified macros found in this database.
No modified reports found in this database.
No modified table data macros found in this database.
No modified relations found in this database.
No modified doc properties found in this database.
No modified nav pane groups found in this database.
No modified hidden attributes found in this database.
-------------------------------------
Exporting queries...          
  qrySession
    Sanitized in 0.004 seconds.
  qrySession (SQL)
[1]
-------------------------------------
Exporting forms...            
  frmSession
    Sanitized in 0.010 seconds.
[1]
-------------------------------------
Exporting table data...       
  lcl_tlkpOutputType
    Sanitized in 0.002 seconds.
  lcl_tlkpProjectArea
    Sanitized in 0.001 seconds.
  lcl_tlkpStatus
    Sanitized in 0.001 seconds.
  lcl_tlkpStepType
    Sanitized in 0.001 seconds.
  lcl_tlkpTool
    Sanitized in 0.001 seconds.
  tblLookupCacheConfig
    Sanitized in 0.001 seconds.
  tmpl_tlkpOutputType
    Sanitized in 0.001 seconds.
  tmpl_tlkpProjectArea
    Sanitized in 0.001 seconds.
  tmpl_tlkpStatus
    Sanitized in 0.001 seconds.
  tmpl_tlkpStepType
    Sanitized in 0.001 seconds.
  tmpl_tlkpTool
    Sanitized in 0.001 seconds.
  USysAppString
    Sanitized in 0.002 seconds.
  USysConnect
    Sanitized in 0.001 seconds.
  USysLinkedTables
    Sanitized in 0.001 seconds.
  USysRibbons
    Sanitized in 0.001 seconds.
[15]
-------------------------------------
Done. (2.4 seconds)

--------------------------------------------------
                PERFORMANCE REPORTS
--------------------------------------------------
Category                      Count     Seconds
--------------------------------------------------
Table Data                    15        0.73
Forms                         1         0.49
DB Properties                 0         0.22
Queries                       1         0.15
Tables                        0         0.13
Doc Properties                0         0.06
Modules                       0         0.05
DB Connections                0         0.04
Nav Pane Groups               0         0.04
CommandBars                   0         0.03
VBE References                0         0.02
Hidden Attributes             0         0.02
Proj Properties               0         0.01
Themes                        0         0.01
Relations                     0         0.01
VB Project                    0         0.01
Project                       0         0.01
Table Data Macros             0         0.01
Reports                       0         0.01
Macros                        0         0.01
Shared Images                 0         0.00
IMEX Specs                    0         0.00
VBE Forms                     0         0.00
Saved Specs                   0         0.00
--------------------------------------------------
TOTALS:                       17        2.04
--------------------------------------------------

--------------------------------------------------
Operations                    Count     Seconds
--------------------------------------------------
App.ExportXML()               15        0.38
Convert to JSON               616       0.35
Scan DB Objects               1         0.24
Read File Bytes               17        0.18
Increment Progress            133       0.18
Clear Orphaned Files          17        0.12
Console Updates               4         0.11
Quick Count Files             1         0.10
Check for linked table        52        0.04
App.SaveAsText()              2         0.04
Delete File                   20        0.02
Format SQL                    1         0.02
Sanitize File                 2         0.01
Parse JSON                    1         0.01
Get VBA Hash                  25        0.01
Write File                    18        0.01
Sanitize XML                  15        0.01
Format XML                    15        0.01
modFileAccess.VerifyPath      35        0.00
Read File                     18        0.00
Quick Count Objects           1         0.00
Get File Property Hash        4         0.00
Compute SHA256                44        0.00
Parse JSON ISO Date           72        0.00
Close Open Objects            1         0.00
Read File DevMode             1         0.00
Save Query SQL                1         0.00
Get Modified Date             4         0.00
modFileAccess.GetUncPath      6         0.00
Sanitize Code Lines           1         0.00
--------------------------------------------------
Other Operations                        0.51
--------------------------------------------------


